<?xml version="1.0" encoding="UTF-8"?>
<testsuite xmlns:xsi="http://www.w3.org/2001/XMLSchema-instance" xsi:noNamespaceSchemaLocation="https://maven.apache.org/surefire/maven-surefire-plugin/xsd/surefire-test-report-3.0.xsd" version="3.0" name="com.CarSelling.project.CarSellingApplicationTests" time="46.943" tests="1" errors="0" skipped="0" failures="0">
  <properties>
[...]
</properties>
  <testcase name="contextLoads" classname="com.CarSelling.project.CarSellingApplicationTests" time="1.597">
    <system-out><![CDATA[11:39:38.147 [main] INFO org.springframework.test.context.support.AnnotationConfigContextLoaderUtils -- Could not detect default configuration classes for test class [com.CarSelling.project.CarSellingApplicationTests]: CarSellingApplicationTests does not declare any static, non-private, non-final, nested classes annotated with @Configuration.
11:39:38.632 [main] INFO org.springframework.boot.test.context.SpringBootTestContextBootstrapper -- Found @SpringBootConfiguration com.CarSelling.project.CarSellingApplication for test class com.CarSelling.project.CarSellingApplicationTests
11:39:39.431 [main] INFO org.springframework.boot.devtools.restart.RestartApplicationListener -- Restart disabled due to context in which it is running

  .   ____          _            __ _ _
 /\\ / ___'_ __ _ _(_)_ __  __ _ \ \ \ \
( ( )\___ | '_ | '_| | '_ \/ _` | \ \ \ \
 \\/  ___)| |_)| | | | | || (_| |  ) ) ) )
  '  |____| .__|_| |_|_| |_\__, | / / / /
 =========|_|==============|___/=/_/_/_/
 :: Spring Boot ::                (v3.1.5)

2024-02-09T11:39:40.743+03:00  INFO 10544 --- [           main] c.C.project.CarSellingApplicationTests   : Starting CarSellingApplicationTests using Java 17.0.2 with PID 10544 (started by Idealisoa in C:\Users\Idealisoa\Documents\GitHub\carselling)
2024-02-09T11:39:40.747+03:00  INFO 10544 --- [           main] c.C.project.CarSellingApplicationTests   : No active profile set, falling back to 1 default profile: "default"
2024-02-09T11:39:44.192+03:00  INFO 10544 --- [           main] .s.d.r.c.RepositoryConfigurationDelegate : Multiple Spring Data modules found, entering strict repository configuration mode
2024-02-09T11:39:44.192+03:00  INFO 10544 --- [           main] .s.d.r.c.RepositoryConfigurationDelegate : Bootstrapping Spring Data JPA repositories in DEFAULT mode.
2024-02-09T11:39:44.464+03:00  INFO 10544 --- [           main] .RepositoryConfigurationExtensionSupport : Spring Data JPA - Could not safely identify store assignment for repository candidate interface com.CarSelling.project.repository.AnnonceRepository; If you want this repository to be a JPA repository, consider annotating your entities with one of these annotations: jakarta.persistence.Entity, jakarta.persistence.MappedSuperclass (preferred), or consider extending one of the following types with your repository: org.springframework.data.jpa.repository.JpaRepository
2024-02-09T11:39:44.574+03:00  INFO 10544 --- [           main] .RepositoryConfigurationExtensionSupport : Spring Data JPA - Could not safely identify store assignment for repository candidate interface com.CarSelling.project.repository.MessageRepository; If you want this repository to be a JPA repository, consider annotating your entities with one of these annotations: jakarta.persistence.Entity, jakarta.persistence.MappedSuperclass (preferred), or consider extending one of the following types with your repository: org.springframework.data.jpa.repository.JpaRepository
2024-02-09T11:39:45.029+03:00  INFO 10544 --- [           main] .s.d.r.c.RepositoryConfigurationDelegate : Finished Spring Data repository scanning in 702 ms. Found 13 JPA repository interfaces.
2024-02-09T11:39:45.364+03:00  INFO 10544 --- [           main] .s.d.r.c.RepositoryConfigurationDelegate : Multiple Spring Data modules found, entering strict repository configuration mode
2024-02-09T11:39:45.364+03:00  INFO 10544 --- [           main] .s.d.r.c.RepositoryConfigurationDelegate : Bootstrapping Spring Data MongoDB repositories in DEFAULT mode.
2024-02-09T11:39:45.411+03:00  INFO 10544 --- [           main] .RepositoryConfigurationExtensionSupport : Spring Data MongoDB - Could not safely identify store assignment for repository candidate interface com.CarSelling.project.repository.AchatRepository; If you want this repository to be a MongoDB repository, consider annotating your entities with one of these annotations: org.springframework.data.mongodb.core.mapping.Document (preferred), or consider extending one of the following types with your repository: org.springframework.data.mongodb.repository.MongoRepository
2024-02-09T11:39:45.411+03:00  INFO 10544 --- [           main] .RepositoryConfigurationExtensionSupport : Spring Data MongoDB - Could not safely identify store assignment for repository candidate interface com.CarSelling.project.repository.CarburantRepository; If you want this repository to be a MongoDB repository, consider annotating your entities with one of these annotations: org.springframework.data.mongodb.core.mapping.Document (preferred), or consider extending one of the following types with your repository: org.springframework.data.mongodb.repository.MongoRepository
2024-02-09T11:39:45.411+03:00  INFO 10544 --- [           main] .RepositoryConfigurationExtensionSupport : Spring Data MongoDB - Could not safely identify store assignment for repository candidate interface com.CarSelling.project.repository.CategorieRepository; If you want this repository to be a MongoDB repository, consider annotating your entities with one of these annotations: org.springframework.data.mongodb.core.mapping.Document (preferred), or consider extending one of the following types with your repository: org.springframework.data.mongodb.repository.MongoRepository
2024-02-09T11:39:45.411+03:00  INFO 10544 --- [           main] .RepositoryConfigurationExtensionSupport : Spring Data MongoDB - Could not safely identify store assignment for repository candidate interface com.CarSelling.project.repository.ClimatisationRepository; If you want this repository to be a MongoDB repository, consider annotating your entities with one of these annotations: org.springframework.data.mongodb.core.mapping.Document (preferred), or consider extending one of the following types with your repository: org.springframework.data.mongodb.repository.MongoRepository
2024-02-09T11:39:45.411+03:00  INFO 10544 --- [           main] .RepositoryConfigurationExtensionSupport : Spring Data MongoDB - Could not safely identify store assignment for repository candidate interface com.CarSelling.project.repository.DiscussionRepository; If you want this repository to be a MongoDB repository, consider annotating your entities with one of these annotations: org.springframework.data.mongodb.core.mapping.Document (preferred), or consider extending one of the following types with your repository: org.springframework.data.mongodb.repository.MongoRepository
2024-02-09T11:39:45.411+03:00  INFO 10544 --- [           main] .RepositoryConfigurationExtensionSupport : Spring Data MongoDB - Could not safely identify store assignment for repository candidate interface com.CarSelling.project.repository.FavorisRepository; If you want this repository to be a MongoDB repository, consider annotating your entities with one of these annotations: org.springframework.data.mongodb.core.mapping.Document (preferred), or consider extending one of the following types with your repository: org.springframework.data.mongodb.repository.MongoRepository
2024-02-09T11:39:45.411+03:00  INFO 10544 --- [           main] .RepositoryConfigurationExtensionSupport : Spring Data MongoDB - Could not safely identify store assignment for repository candidate interface com.CarSelling.project.repository.JanteRepository; If you want this repository to be a MongoDB repository, consider annotating your entities with one of these annotations: org.springframework.data.mongodb.core.mapping.Document (preferred), or consider extending one of the following types with your repository: org.springframework.data.mongodb.repository.MongoRepository
2024-02-09T11:39:45.411+03:00  INFO 10544 --- [           main] .RepositoryConfigurationExtensionSupport : Spring Data MongoDB - Could not safely identify store assignment for repository candidate interface com.CarSelling.project.repository.MarqueRepository; If you want this repository to be a MongoDB repository, consider annotating your entities with one of these annotations: org.springframework.data.mongodb.core.mapping.Document (preferred), or consider extending one of the following types with your repository: org.springframework.data.mongodb.repository.MongoRepository
2024-02-09T11:39:45.411+03:00  INFO 10544 --- [           main] .RepositoryConfigurationExtensionSupport : Spring Data MongoDB - Could not safely identify store assignment for repository candidate interface com.CarSelling.project.repository.ModelRepository; If you want this repository to be a MongoDB repository, consider annotating your entities with one of these annotations: org.springframework.data.mongodb.core.mapping.Document (preferred), or consider extending one of the following types with your repository: org.springframework.data.mongodb.repository.MongoRepository
2024-02-09T11:39:45.411+03:00  INFO 10544 --- [           main] .RepositoryConfigurationExtensionSupport : Spring Data MongoDB - Could not safely identify store assignment for repository candidate interface com.CarSelling.project.repository.MoteurRepository; If you want this repository to be a MongoDB repository, consider annotating your entities with one of these annotations: org.springframework.data.mongodb.core.mapping.Document (preferred), or consider extending one of the following types with your repository: org.springframework.data.mongodb.repository.MongoRepository
2024-02-09T11:39:45.427+03:00  INFO 10544 --- [           main] .RepositoryConfigurationExtensionSupport : Spring Data MongoDB - Could not safely identify store assignment for repository candidate interface com.CarSelling.project.repository.UtilisateurRepository; If you want this repository to be a MongoDB repository, consider annotating your entities with one of these annotations: org.springframework.data.mongodb.core.mapping.Document (preferred), or consider extending one of the following types with your repository: org.springframework.data.mongodb.repository.MongoRepository
2024-02-09T11:39:45.427+03:00  INFO 10544 --- [           main] .RepositoryConfigurationExtensionSupport : Spring Data MongoDB - Could not safely identify store assignment for repository candidate interface com.CarSelling.project.repository.VitesseRepository; If you want this repository to be a MongoDB repository, consider annotating your entities with one of these annotations: org.springframework.data.mongodb.core.mapping.Document (preferred), or consider extending one of the following types with your repository: org.springframework.data.mongodb.repository.MongoRepository
2024-02-09T11:39:45.427+03:00  INFO 10544 --- [           main] .RepositoryConfigurationExtensionSupport : Spring Data MongoDB - Could not safely identify store assignment for repository candidate interface com.CarSelling.project.repository.VModelRepository; If you want this repository to be a MongoDB repository, consider annotating your entities with one of these annotations: org.springframework.data.mongodb.core.mapping.Document (preferred), or consider extending one of the following types with your repository: org.springframework.data.mongodb.repository.MongoRepository
2024-02-09T11:39:45.443+03:00  INFO 10544 --- [           main] .s.d.r.c.RepositoryConfigurationDelegate : Finished Spring Data repository scanning in 75 ms. Found 2 MongoDB repository interfaces.
2024-02-09T11:39:48.613+03:00  INFO 10544 --- [           main] com.zaxxer.hikari.HikariDataSource       : HikariPool-1 - Starting...
2024-02-09T11:39:55.340+03:00  INFO 10544 --- [           main] com.zaxxer.hikari.pool.HikariPool        : HikariPool-1 - Added connection org.postgresql.jdbc.PgConnection@65cc5252
2024-02-09T11:39:55.346+03:00  INFO 10544 --- [           main] com.zaxxer.hikari.HikariDataSource       : HikariPool-1 - Start completed.
2024-02-09T11:39:56.218+03:00  INFO 10544 --- [           main] o.hibernate.jpa.internal.util.LogHelper  : HHH000204: Processing PersistenceUnitInfo [name: default]
2024-02-09T11:39:56.447+03:00  INFO 10544 --- [           main] org.hibernate.Version                    : HHH000412: Hibernate ORM core version 6.2.13.Final
2024-02-09T11:39:56.447+03:00  INFO 10544 --- [           main] org.hibernate.cfg.Environment            : HHH000406: Using bytecode reflection optimizer
2024-02-09T11:39:58.485+03:00  INFO 10544 --- [           main] o.s.o.j.p.SpringPersistenceUnitInfo      : No LoadTimeWeaver setup: ignoring JPA class transformer
2024-02-09T11:39:59.530+03:00  WARN 10544 --- [           main] org.hibernate.orm.deprecation            : HHH90000025: PostgreSQLDialect does not need to be specified explicitly using 'hibernate.dialect' (remove the property setting and it will be selected by default)
2024-02-09T11:40:05.405+03:00  INFO 10544 --- [           main] o.h.e.t.j.p.i.JtaPlatformInitiator       : HHH000489: No JTA platform available (set 'hibernate.transaction.jta.platform' to enable JTA platform integration)
2024-02-09T11:40:05.521+03:00  INFO 10544 --- [           main] j.LocalContainerEntityManagerFactoryBean : Initialized JPA EntityManagerFactory for persistence unit 'default'
2024-02-09T11:40:08.701+03:00  INFO 10544 --- [           main] o.s.d.j.r.query.QueryEnhancerFactory     : Hibernate is in classpath; If applicable, HQL parser will be used.
2024-02-09T11:40:11.006+03:00  INFO 10544 --- [           main] org.mongodb.driver.client                : MongoClient with metadata {"driver": {"name": "mongo-java-driver|sync|spring-boot", "version": "4.9.1"}, "os": {"type": "Windows", "name": "Windows 11", "architecture": "amd64", "version": "10.0"}, "platform": "Java/Oracle Corporation/17.0.2+8-LTS-86"} created with settings MongoClientSettings{readPreference=primary, writeConcern=WriteConcern{w=majority, wTimeout=null ms, journal=null}, retryWrites=true, retryReads=true, readConcern=ReadConcern{level=null}, credential=MongoCredential{mechanism=null, userName='ranaivozafyfy', source='admin', password=<hidden>, mechanismProperties=<hidden>}, streamFactoryFactory=null, commandListeners=[], codecRegistry=ProvidersCodecRegistry{codecProviders=[ValueCodecProvider{}, BsonValueCodecProvider{}, DBRefCodecProvider{}, DBObjectCodecProvider{}, DocumentCodecProvider{}, CollectionCodecProvider{}, IterableCodecProvider{}, MapCodecProvider{}, GeoJsonCodecProvider{}, GridFSFileCodecProvider{}, Jsr310CodecProvider{}, JsonObjectCodecProvider{}, BsonCodecProvider{}, EnumCodecProvider{}, com.mongodb.client.model.mql.ExpressionCodecProvider@159a0f0e, com.mongodb.Jep395RecordCodecProvider@6484364f]}, loggerSettings=LoggerSettings{maxDocumentLength=1000}, clusterSettings={hosts=[127.0.0.1:27017], srvHost=carselling.smnbpt2.mongodb.net, srvServiceName=mongodb, mode=MULTIPLE, requiredClusterType=REPLICA_SET, requiredReplicaSetName='atlas-1fwy68-shard-0', serverSelector='null', clusterListeners='[]', serverSelectionTimeout='30000 ms', localThreshold='30000 ms'}, socketSettings=SocketSettings{connectTimeoutMS=10000, readTimeoutMS=0, receiveBufferSize=0, sendBufferSize=0}, heartbeatSocketSettings=SocketSettings{connectTimeoutMS=10000, readTimeoutMS=10000, receiveBufferSize=0, sendBufferSize=0}, connectionPoolSettings=ConnectionPoolSettings{maxSize=100, minSize=0, maxWaitTimeMS=120000, maxConnectionLifeTimeMS=0, maxConnectionIdleTimeMS=0, maintenanceInitialDelayMS=0, maintenanceFrequencyMS=60000, connectionPoolListeners=[], maxConnecting=2}, serverSettings=ServerSettings{heartbeatFrequencyMS=10000, minHeartbeatFrequencyMS=500, serverListeners='[]', serverMonitorListeners='[]'}, sslSettings=SslSettings{enabled=true, invalidHostNameAllowed=false, context=null}, applicationName='null', compressorList=[], uuidRepresentation=JAVA_LEGACY, serverApi=null, autoEncryptionSettings=null, contextProvider=null}
2024-02-09T11:40:11.254+03:00  INFO 10544 --- [pt2.mongodb.net] org.mongodb.driver.cluster               : Adding discovered server ac-eslemre-shard-00-02.smnbpt2.mongodb.net:27017 to client view of cluster
2024-02-09T11:40:11.791+03:00  INFO 10544 --- [pt2.mongodb.net] org.mongodb.driver.cluster               : Adding discovered server ac-eslemre-shard-00-01.smnbpt2.mongodb.net:27017 to client view of cluster
2024-02-09T11:40:11.799+03:00  INFO 10544 --- [pt2.mongodb.net] org.mongodb.driver.cluster               : Adding discovered server ac-eslemre-shard-00-00.smnbpt2.mongodb.net:27017 to client view of cluster
2024-02-09T11:40:13.968+03:00  INFO 10544 --- [ngodb.net:27017] org.mongodb.driver.cluster               : Monitor thread successfully connected to server with description ServerDescription{address=ac-eslemre-shard-00-01.smnbpt2.mongodb.net:27017, type=REPLICA_SET_SECONDARY, state=CONNECTED, ok=true, minWireVersion=0, maxWireVersion=17, maxDocumentSize=16777216, logicalSessionTimeoutMinutes=30, roundTripTimeNanos=564972800, setName='atlas-1fwy68-shard-0', canonicalAddress=ac-eslemre-shard-00-01.smnbpt2.mongodb.net:27017, hosts=[ac-eslemre-shard-00-01.smnbpt2.mongodb.net:27017, ac-eslemre-shard-00-02.smnbpt2.mongodb.net:27017, ac-eslemre-shard-00-00.smnbpt2.mongodb.net:27017], passives=[], arbiters=[], primary='ac-eslemre-shard-00-02.smnbpt2.mongodb.net:27017', tagSet=TagSet{[Tag{name='availabilityZone', value='afs1-az2'}, Tag{name='diskState', value='READY'}, Tag{name='nodeType', value='ELECTABLE'}, Tag{name='provider', value='AWS'}, Tag{name='region', value='AF_SOUTH_1'}, Tag{name='workloadType', value='OPERATIONAL'}]}, electionId=null, setVersion=2, topologyVersion=TopologyVersion{processId=65b817536888abed28f28798, counter=3}, lastWriteDate=Fri Feb 09 11:40:32 EAT 2024, lastUpdateTimeNanos=89170778045400}
2024-02-09T11:40:14.016+03:00  INFO 10544 --- [ngodb.net:27017] org.mongodb.driver.cluster               : Monitor thread successfully connected to server with description ServerDescription{address=ac-eslemre-shard-00-00.smnbpt2.mongodb.net:27017, type=REPLICA_SET_SECONDARY, state=CONNECTED, ok=true, minWireVersion=0, maxWireVersion=17, maxDocumentSize=16777216, logicalSessionTimeoutMinutes=30, roundTripTimeNanos=621606700, setName='atlas-1fwy68-shard-0', canonicalAddress=ac-eslemre-shard-00-00.smnbpt2.mongodb.net:27017, hosts=[ac-eslemre-shard-00-01.smnbpt2.mongodb.net:27017, ac-eslemre-shard-00-02.smnbpt2.mongodb.net:27017, ac-eslemre-shard-00-00.smnbpt2.mongodb.net:27017], passives=[], arbiters=[], primary='ac-eslemre-shard-00-02.smnbpt2.mongodb.net:27017', tagSet=TagSet{[Tag{name='availabilityZone', value='afs1-az1'}, Tag{name='diskState', value='READY'}, Tag{name='nodeType', value='ELECTABLE'}, Tag{name='provider', value='AWS'}, Tag{name='region', value='AF_SOUTH_1'}, Tag{name='workloadType', value='OPERATIONAL'}]}, electionId=null, setVersion=2, topologyVersion=TopologyVersion{processId=65b813761ce5c82c8eb4e4c0, counter=4}, lastWriteDate=Fri Feb 09 11:40:32 EAT 2024, lastUpdateTimeNanos=89170848396400}
2024-02-09T11:40:14.612+03:00  INFO 10544 --- [ngodb.net:27017] org.mongodb.driver.cluster               : Monitor thread successfully connected to server with description ServerDescription{address=ac-eslemre-shard-00-02.smnbpt2.mongodb.net:27017, type=REPLICA_SET_PRIMARY, state=CONNECTED, ok=true, minWireVersion=0, maxWireVersion=17, maxDocumentSize=16777216, logicalSessionTimeoutMinutes=30, roundTripTimeNanos=793443400, setName='atlas-1fwy68-shard-0', canonicalAddress=ac-eslemre-shard-00-02.smnbpt2.mongodb.net:27017, hosts=[ac-eslemre-shard-00-01.smnbpt2.mongodb.net:27017, ac-eslemre-shard-00-02.smnbpt2.mongodb.net:27017, ac-eslemre-shard-00-00.smnbpt2.mongodb.net:27017], passives=[], arbiters=[], primary='ac-eslemre-shard-00-02.smnbpt2.mongodb.net:27017', tagSet=TagSet{[Tag{name='availabilityZone', value='afs1-az3'}, Tag{name='diskState', value='READY'}, Tag{name='nodeType', value='ELECTABLE'}, Tag{name='provider', value='AWS'}, Tag{name='region', value='AF_SOUTH_1'}, Tag{name='workloadType', value='OPERATIONAL'}]}, electionId=7fffffff0000000000000006, setVersion=2, topologyVersion=TopologyVersion{processId=65b8156f669af62a00473aef, counter=6}, lastWriteDate=Fri Feb 09 11:40:32 EAT 2024, lastUpdateTimeNanos=89171443989700}
2024-02-09T11:40:14.614+03:00  INFO 10544 --- [ngodb.net:27017] org.mongodb.driver.cluster               : Discovered replica set primary ac-eslemre-shard-00-02.smnbpt2.mongodb.net:27017 with max election id 7fffffff0000000000000006 and max set version 2
2024-02-09T11:40:19.697+03:00  WARN 10544 --- [           main] JpaBaseConfiguration$JpaWebConfiguration : spring.jpa.open-in-view is enabled by default. Therefore, database queries may be performed during view rendering. Explicitly configure spring.jpa.open-in-view to disable this warning
2024-02-09T11:40:20.063+03:00  INFO 10544 --- [           main] o.s.s.web.DefaultSecurityFilterChain     : Will secure any request with [org.springframework.security.web.session.DisableEncodeUrlFilter@79059313, org.springframework.security.web.context.request.async.WebAsyncManagerIntegrationFilter@222e9ace, org.springframework.security.web.context.SecurityContextHolderFilter@1fd226da, org.springframework.security.web.header.HeaderWriterFilter@240fe338, org.springframework.security.web.authentication.logout.LogoutFilter@7eee42fc, com.CarSelling.project.Config.JwtAuthFilter@748fa354, org.springframework.security.web.savedrequest.RequestCacheAwareFilter@7be3baf2, org.springframework.security.web.servletapi.SecurityContextHolderAwareRequestFilter@e471cef, org.springframework.security.web.authentication.AnonymousAuthenticationFilter@2ff9a06, org.springframework.security.web.session.SessionManagementFilter@5ceeab0c, org.springframework.security.web.access.ExceptionTranslationFilter@3c320c8b, org.springframework.security.web.access.intercept.AuthorizationFilter@7e84be9b]
2024-02-09T11:40:22.724+03:00  INFO 10544 --- [           main] c.C.project.CarSellingApplicationTests   : Started CarSellingApplicationTests in 43.341 seconds (process running for 47.786)
]]></system-out>
  </testcase>
</testsuite>